2023-02-01 10:20:28,800:INFO:PyCaret Supervised Module
2023-02-01 10:20:28,801:INFO:ML Usecase: regression
2023-02-01 10:20:28,801:INFO:version 2.3.10
2023-02-01 10:20:28,801:INFO:Initializing setup()
2023-02-01 10:20:28,802:INFO:setup(target=Orders, ml_usecase=regression, available_plots={'parameter': 'Hyperparameters', 'residuals': 'Residuals', 'error': 'Prediction Error', 'cooks': 'Cooks Distance', 'rfe': 'Feature Selection', 'learning': 'Learning Curve', 'manifold': 'Manifold Learning', 'vc': 'Validation Curve', 'feature': 'Feature Importance', 'feature_all': 'Feature Importance (All)', 'tree': 'Decision Tree', 'residuals_interactive': 'Interactive Residuals'}, train_size=0.7, test_data=None, preprocess=True, imputation_type=simple, iterative_imputation_iters=5, categorical_features=None, categorical_imputation=constant, categorical_iterative_imputer=lightgbm, ordinal_features=None, high_cardinality_features=None, high_cardinality_method=frequency, numeric_features=None, numeric_imputation=mean, numeric_iterative_imputer=lightgbm, date_features=None, ignore_features=None, normalize=False, normalize_method=zscore, transformation=False, transformation_method=yeo-johnson, handle_unknown_categorical=True, unknown_categorical_method=least_frequent, pca=False, pca_method=linear, pca_components=None, ignore_low_variance=False, combine_rare_levels=False, rare_level_threshold=0.1, bin_numeric_features=None, remove_outliers=False, outliers_threshold=0.05, remove_multicollinearity=False, multicollinearity_threshold=0.9, remove_perfect_collinearity=True, create_clusters=False, cluster_iter=20, polynomial_features=False, polynomial_degree=2, trigonometry_features=False, polynomial_threshold=0.1, group_features=None, group_names=None, feature_selection=False, feature_selection_threshold=0.8, feature_selection_method=classic, feature_interaction=False, feature_ratio=False, interaction_threshold=0.01, fix_imbalance=False, fix_imbalance_method=None, transform_target=False, transform_target_method=box-cox, data_split_shuffle=True, data_split_stratify=False, fold_strategy=kfold, fold=10, fold_shuffle=False, fold_groups=None, n_jobs=-1, use_gpu=False, custom_pipeline=None, html=True, session_id=None, log_experiment=False, experiment_name=None, experiment_custom_tags=None, log_plots=False, log_profile=False, log_data=False, silent=False, verbose=True, profile=False, profile_kwargs=None, display=None)
2023-02-01 10:20:28,802:INFO:Checking environment
2023-02-01 10:20:28,802:INFO:python_version: 3.8.12
2023-02-01 10:20:28,802:INFO:python_build: ('default', 'Oct 12 2021 03:01:40')
2023-02-01 10:20:28,802:INFO:machine: AMD64
2023-02-01 10:20:28,802:INFO:platform: Windows-10-10.0.19042-SP0
2023-02-01 10:20:28,802:INFO:Memory: svmem(total=7869890560, available=1123110912, percent=85.7, used=6746779648, free=1123110912)
2023-02-01 10:20:28,802:INFO:Physical Core: 6
2023-02-01 10:20:28,802:INFO:Logical Core: 12
2023-02-01 10:20:28,802:INFO:Checking libraries
2023-02-01 10:20:28,802:INFO:pd==1.4.1
2023-02-01 10:20:28,802:INFO:numpy==1.19.5
2023-02-01 10:20:28,802:INFO:sklearn==0.23.2
2023-02-01 10:20:28,802:INFO:lightgbm==3.3.4
2023-02-01 10:20:28,803:WARNING:catboost not found
2023-02-01 10:20:28,874:INFO:xgboost==1.7.2
2023-02-01 10:20:28,874:INFO:mlflow==2.1.1
2023-02-01 10:20:28,875:INFO:Checking Exceptions
2023-02-01 10:20:39,989:INFO:PyCaret Supervised Module
2023-02-01 10:20:39,989:INFO:ML Usecase: regression
2023-02-01 10:20:39,989:INFO:version 2.3.10
2023-02-01 10:20:39,989:INFO:Initializing setup()
2023-02-01 10:20:39,989:INFO:setup(target=Electrified, ml_usecase=regression, available_plots={'parameter': 'Hyperparameters', 'residuals': 'Residuals', 'error': 'Prediction Error', 'cooks': 'Cooks Distance', 'rfe': 'Feature Selection', 'learning': 'Learning Curve', 'manifold': 'Manifold Learning', 'vc': 'Validation Curve', 'feature': 'Feature Importance', 'feature_all': 'Feature Importance (All)', 'tree': 'Decision Tree', 'residuals_interactive': 'Interactive Residuals'}, train_size=0.7, test_data=None, preprocess=True, imputation_type=simple, iterative_imputation_iters=5, categorical_features=None, categorical_imputation=constant, categorical_iterative_imputer=lightgbm, ordinal_features=None, high_cardinality_features=None, high_cardinality_method=frequency, numeric_features=None, numeric_imputation=mean, numeric_iterative_imputer=lightgbm, date_features=None, ignore_features=None, normalize=False, normalize_method=zscore, transformation=False, transformation_method=yeo-johnson, handle_unknown_categorical=True, unknown_categorical_method=least_frequent, pca=False, pca_method=linear, pca_components=None, ignore_low_variance=False, combine_rare_levels=False, rare_level_threshold=0.1, bin_numeric_features=None, remove_outliers=False, outliers_threshold=0.05, remove_multicollinearity=False, multicollinearity_threshold=0.9, remove_perfect_collinearity=True, create_clusters=False, cluster_iter=20, polynomial_features=False, polynomial_degree=2, trigonometry_features=False, polynomial_threshold=0.1, group_features=None, group_names=None, feature_selection=False, feature_selection_threshold=0.8, feature_selection_method=classic, feature_interaction=False, feature_ratio=False, interaction_threshold=0.01, fix_imbalance=False, fix_imbalance_method=None, transform_target=False, transform_target_method=box-cox, data_split_shuffle=True, data_split_stratify=False, fold_strategy=kfold, fold=10, fold_shuffle=False, fold_groups=None, n_jobs=-1, use_gpu=False, custom_pipeline=None, html=True, session_id=None, log_experiment=False, experiment_name=None, experiment_custom_tags=None, log_plots=False, log_profile=False, log_data=False, silent=False, verbose=True, profile=False, profile_kwargs=None, display=None)
2023-02-01 10:20:39,990:INFO:Checking environment
2023-02-01 10:20:39,990:INFO:python_version: 3.8.12
2023-02-01 10:20:39,990:INFO:python_build: ('default', 'Oct 12 2021 03:01:40')
2023-02-01 10:20:39,990:INFO:machine: AMD64
2023-02-01 10:20:39,990:INFO:platform: Windows-10-10.0.19042-SP0
2023-02-01 10:20:39,991:INFO:Memory: svmem(total=7869890560, available=1095307264, percent=86.1, used=6774583296, free=1095307264)
2023-02-01 10:20:39,991:INFO:Physical Core: 6
2023-02-01 10:20:39,991:INFO:Logical Core: 12
2023-02-01 10:20:39,991:INFO:Checking libraries
2023-02-01 10:20:39,991:INFO:pd==1.4.1
2023-02-01 10:20:39,991:INFO:numpy==1.19.5
2023-02-01 10:20:39,991:INFO:sklearn==0.23.2
2023-02-01 10:20:39,991:INFO:lightgbm==3.3.4
2023-02-01 10:20:39,993:WARNING:catboost not found
2023-02-01 10:20:39,993:INFO:xgboost==1.7.2
2023-02-01 10:20:39,993:INFO:mlflow==2.1.1
2023-02-01 10:20:39,993:INFO:Checking Exceptions
2023-02-01 10:20:39,993:INFO:Declaring global variables
2023-02-01 10:20:39,993:INFO:USI: 5a49
2023-02-01 10:20:39,993:INFO:pycaret_globals: {'transform_target_method_param', 'fold_shuffle_param', 'fold_groups_param_full', '_internal_pipeline', 'imputation_classifier', 'seed', 'iterative_imputation_iters_param', 'y', 'master_model_container', 'stratify_param', 'X_test', 'experiment__', 'data_before_preprocess', '_all_models', 'transform_target_param', 'y_train', 'n_jobs_param', 'target_param', 'X', 'fold_param', '_all_metrics', '_ml_usecase', '_available_plots', '_gpu_n_jobs_param', 'gpu_param', 'html_param', 'imputation_regressor', 'exp_name_log', 'X_train', 'logging_param', 'fold_generator', 'fold_groups_param', 'USI', '_all_models_internal', 'y_test', 'dashboard_logger', 'pycaret_globals', 'fix_imbalance_method_param', 'log_plots_param', 'display_container', 'fix_imbalance_param', 'prep_pipe', 'create_model_container'}
2023-02-01 10:20:39,993:INFO:Preparing display monitor
2023-02-01 10:20:39,994:INFO:Preparing display monitor
2023-02-01 10:20:40,009:INFO:Importing libraries
2023-02-01 10:20:40,009:INFO:Copying data for preprocessing
2023-02-01 10:20:40,019:INFO:Declaring preprocessing parameters
2023-02-01 10:20:40,020:INFO:Creating preprocessing pipeline
2023-02-01 10:20:40,029:INFO:Preprocessing pipeline created successfully
2023-02-01 10:20:40,030:ERROR:(Process Exit): setup has been interupted with user command 'quit'. setup must rerun.
2023-02-01 10:20:40,030:INFO:Creating global containers
2023-02-01 10:20:40,032:INFO:Internal pipeline: Pipeline(memory=None, steps=[('empty_step', 'passthrough')], verbose=False)
2023-02-01 10:20:42,265:WARNING:Couldn't import catboost.CatBoostRegressor
2023-02-01 10:20:42,401:WARNING:Couldn't import catboost.CatBoostRegressor
2023-02-01 10:20:42,401:INFO:Creating grid variables
2023-02-01 10:20:42,416:INFO:create_model_container: 0
2023-02-01 10:20:42,416:INFO:master_model_container: 0
2023-02-01 10:20:42,416:INFO:display_container: 1
2023-02-01 10:20:42,421:INFO:Pipeline(memory=None,
         steps=[('dtypes',
                 DataTypes_Auto_infer(categorical_features=[],
                                      display_types=True, features_todrop=[],
                                      id_columns=[], ml_usecase='regression',
                                      numerical_features=[],
                                      target='Electrified', time_features=[])),
                ('imputer',
                 Simple_Imputer(categorical_strategy='not_available',
                                fill_value_categorical=None,
                                fill_value_numerical=None,
                                numeric_stra...
                ('scaling', 'passthrough'), ('P_transform', 'passthrough'),
                ('binn', 'passthrough'), ('rem_outliers', 'passthrough'),
                ('cluster_all', 'passthrough'),
                ('dummy', Dummify(target='Electrified')),
                ('fix_perfect', Remove_100(target='Electrified')),
                ('clean_names', Clean_Colum_Names()),
                ('feature_select', 'passthrough'), ('fix_multi', 'passthrough'),
                ('dfs', 'passthrough'), ('pca', 'passthrough')],
         verbose=False)
2023-02-01 10:20:42,422:INFO:setup() succesfully completed......................................
2023-02-01 10:20:42,582:INFO:Initializing compare_models()
2023-02-01 10:20:42,582:INFO:compare_models(include=None, fold=None, round=4, cross_validation=True, sort=R2, n_select=1, budget_time=None, turbo=True, errors=ignore, fit_kwargs=None, groups=None, experiment_custom_tags=None, probability_threshold=None, verbose=True, display=None, exclude=None)
2023-02-01 10:20:42,582:INFO:Checking exceptions
2023-02-01 10:20:42,583:INFO:Preparing display monitor
2023-02-01 10:20:42,583:INFO:Preparing display monitor
2023-02-01 10:20:42,610:INFO:Initializing Linear Regression
2023-02-01 10:20:42,610:INFO:Total runtime is 0.0 minutes
2023-02-01 10:20:42,620:INFO:SubProcess create_model() called ==================================
2023-02-01 10:20:42,621:INFO:Initializing create_model()
2023-02-01 10:20:42,621:INFO:create_model(estimator=lr, fold=KFold(n_splits=10, random_state=None, shuffle=False), round=4, cross_validation=True, predict=True, fit_kwargs={}, groups=None, refit=False, verbose=False, system=False, metrics=None, experiment_custom_tags=None, add_to_model_list=True, probability_threshold=None, display=<pycaret.internal.Display.Display object at 0x0000023086C4E820>, return_train_score=False, kwargs={})
2023-02-01 10:20:42,621:INFO:Checking exceptions
2023-02-01 10:20:42,621:INFO:Importing libraries
2023-02-01 10:20:42,621:INFO:Copying training dataset
2023-02-01 10:20:42,622:INFO:Defining folds
2023-02-01 10:20:42,623:INFO:Declaring metric variables
2023-02-01 10:20:42,632:INFO:Importing untrained model
2023-02-01 10:20:42,641:INFO:Linear Regression Imported succesfully
2023-02-01 10:20:42,661:INFO:Starting cross validation
2023-02-01 10:20:42,672:INFO:Cross validating with KFold(n_splits=10, random_state=None, shuffle=False), n_jobs=-1
2023-02-01 10:20:53,440:INFO:Calculating mean and std
2023-02-01 10:20:53,443:INFO:Creating metrics dataframe
2023-02-01 10:20:53,516:INFO:Uploading results into container
2023-02-01 10:20:53,516:INFO:Uploading model into container now
2023-02-01 10:20:53,517:INFO:create_model_container: 1
2023-02-01 10:20:53,517:INFO:master_model_container: 1
2023-02-01 10:20:53,517:INFO:display_container: 2
2023-02-01 10:20:53,518:INFO:LinearRegression(copy_X=True, fit_intercept=True, n_jobs=-1, normalize=False)
2023-02-01 10:20:53,518:INFO:create_model() succesfully completed......................................
2023-02-01 10:20:53,742:INFO:SubProcess create_model() end ==================================
2023-02-01 10:20:53,742:INFO:Creating metrics dataframe
2023-02-01 10:20:53,798:INFO:Initializing Lasso Regression
2023-02-01 10:20:53,798:INFO:Total runtime is 0.18645891348520915 minutes
2023-02-01 10:20:53,809:INFO:SubProcess create_model() called ==================================
2023-02-01 10:20:53,810:INFO:Initializing create_model()
2023-02-01 10:20:53,810:INFO:create_model(estimator=lasso, fold=KFold(n_splits=10, random_state=None, shuffle=False), round=4, cross_validation=True, predict=True, fit_kwargs={}, groups=None, refit=False, verbose=False, system=False, metrics=None, experiment_custom_tags=None, add_to_model_list=True, probability_threshold=None, display=<pycaret.internal.Display.Display object at 0x0000023086C4E820>, return_train_score=False, kwargs={})
2023-02-01 10:20:53,811:INFO:Checking exceptions
2023-02-01 10:20:53,811:INFO:Importing libraries
2023-02-01 10:20:53,811:INFO:Copying training dataset
2023-02-01 10:20:53,812:INFO:Defining folds
2023-02-01 10:20:53,813:INFO:Declaring metric variables
2023-02-01 10:20:53,824:INFO:Importing untrained model
2023-02-01 10:20:53,836:INFO:Lasso Regression Imported succesfully
2023-02-01 10:20:53,861:INFO:Starting cross validation
2023-02-01 10:20:53,862:INFO:Cross validating with KFold(n_splits=10, random_state=None, shuffle=False), n_jobs=-1
2023-02-01 10:20:59,116:INFO:Calculating mean and std
2023-02-01 10:20:59,118:INFO:Creating metrics dataframe
2023-02-01 10:20:59,161:INFO:Uploading results into container
2023-02-01 10:20:59,162:INFO:Uploading model into container now
2023-02-01 10:20:59,162:INFO:create_model_container: 2
2023-02-01 10:20:59,162:INFO:master_model_container: 2
2023-02-01 10:20:59,162:INFO:display_container: 2
2023-02-01 10:20:59,163:INFO:Lasso(alpha=1.0, copy_X=True, fit_intercept=True, max_iter=1000,
      normalize=False, positive=False, precompute=False, random_state=1006,
      selection='cyclic', tol=0.0001, warm_start=False)
2023-02-01 10:20:59,163:INFO:create_model() succesfully completed......................................
2023-02-01 10:20:59,406:INFO:SubProcess create_model() end ==================================
2023-02-01 10:20:59,406:INFO:Creating metrics dataframe
2023-02-01 10:20:59,445:INFO:Initializing Ridge Regression
2023-02-01 10:20:59,445:INFO:Total runtime is 0.2805746912956238 minutes
2023-02-01 10:20:59,454:INFO:SubProcess create_model() called ==================================
2023-02-01 10:20:59,455:INFO:Initializing create_model()
2023-02-01 10:20:59,456:INFO:create_model(estimator=ridge, fold=KFold(n_splits=10, random_state=None, shuffle=False), round=4, cross_validation=True, predict=True, fit_kwargs={}, groups=None, refit=False, verbose=False, system=False, metrics=None, experiment_custom_tags=None, add_to_model_list=True, probability_threshold=None, display=<pycaret.internal.Display.Display object at 0x0000023086C4E820>, return_train_score=False, kwargs={})
2023-02-01 10:20:59,456:INFO:Checking exceptions
2023-02-01 10:20:59,456:INFO:Importing libraries
2023-02-01 10:20:59,456:INFO:Copying training dataset
2023-02-01 10:20:59,457:INFO:Defining folds
2023-02-01 10:20:59,457:INFO:Declaring metric variables
2023-02-01 10:20:59,467:INFO:Importing untrained model
2023-02-01 10:20:59,479:INFO:Ridge Regression Imported succesfully
2023-02-01 10:20:59,509:INFO:Starting cross validation
2023-02-01 10:20:59,511:INFO:Cross validating with KFold(n_splits=10, random_state=None, shuffle=False), n_jobs=-1
2023-02-01 10:20:59,594:INFO:Calculating mean and std
2023-02-01 10:20:59,595:INFO:Creating metrics dataframe
2023-02-01 10:20:59,625:INFO:Uploading results into container
2023-02-01 10:20:59,626:INFO:Uploading model into container now
2023-02-01 10:20:59,626:INFO:create_model_container: 3
2023-02-01 10:20:59,626:INFO:master_model_container: 3
2023-02-01 10:20:59,626:INFO:display_container: 2
2023-02-01 10:20:59,627:INFO:Ridge(alpha=1.0, copy_X=True, fit_intercept=True, max_iter=None,
      normalize=False, random_state=1006, solver='auto', tol=0.001)
2023-02-01 10:20:59,627:INFO:create_model() succesfully completed......................................
2023-02-01 10:20:59,792:INFO:SubProcess create_model() end ==================================
2023-02-01 10:20:59,793:INFO:Creating metrics dataframe
2023-02-01 10:20:59,825:INFO:Initializing Elastic Net
2023-02-01 10:20:59,826:INFO:Total runtime is 0.28692472775777184 minutes
2023-02-01 10:20:59,836:INFO:SubProcess create_model() called ==================================
2023-02-01 10:20:59,836:INFO:Initializing create_model()
2023-02-01 10:20:59,836:INFO:create_model(estimator=en, fold=KFold(n_splits=10, random_state=None, shuffle=False), round=4, cross_validation=True, predict=True, fit_kwargs={}, groups=None, refit=False, verbose=False, system=False, metrics=None, experiment_custom_tags=None, add_to_model_list=True, probability_threshold=None, display=<pycaret.internal.Display.Display object at 0x0000023086C4E820>, return_train_score=False, kwargs={})
2023-02-01 10:20:59,837:INFO:Checking exceptions
2023-02-01 10:20:59,837:INFO:Importing libraries
2023-02-01 10:20:59,837:INFO:Copying training dataset
2023-02-01 10:20:59,838:INFO:Defining folds
2023-02-01 10:20:59,839:INFO:Declaring metric variables
2023-02-01 10:20:59,849:INFO:Importing untrained model
2023-02-01 10:20:59,861:INFO:Elastic Net Imported succesfully
2023-02-01 10:20:59,881:INFO:Starting cross validation
2023-02-01 10:20:59,881:INFO:Cross validating with KFold(n_splits=10, random_state=None, shuffle=False), n_jobs=-1
2023-02-01 10:20:59,964:INFO:Calculating mean and std
2023-02-01 10:20:59,966:INFO:Creating metrics dataframe
2023-02-01 10:20:59,996:INFO:Uploading results into container
2023-02-01 10:20:59,997:INFO:Uploading model into container now
2023-02-01 10:20:59,997:INFO:create_model_container: 4
2023-02-01 10:20:59,997:INFO:master_model_container: 4
2023-02-01 10:20:59,997:INFO:display_container: 2
2023-02-01 10:20:59,997:INFO:ElasticNet(alpha=1.0, copy_X=True, fit_intercept=True, l1_ratio=0.5,
           max_iter=1000, normalize=False, positive=False, precompute=False,
           random_state=1006, selection='cyclic', tol=0.0001, warm_start=False)
2023-02-01 10:20:59,997:INFO:create_model() succesfully completed......................................
2023-02-01 10:21:00,181:INFO:SubProcess create_model() end ==================================
2023-02-01 10:21:00,181:INFO:Creating metrics dataframe
2023-02-01 10:21:00,219:INFO:Initializing Least Angle Regression
2023-02-01 10:21:00,220:INFO:Total runtime is 0.2934912443161011 minutes
2023-02-01 10:21:00,231:INFO:SubProcess create_model() called ==================================
2023-02-01 10:21:00,232:INFO:Initializing create_model()
2023-02-01 10:21:00,232:INFO:create_model(estimator=lar, fold=KFold(n_splits=10, random_state=None, shuffle=False), round=4, cross_validation=True, predict=True, fit_kwargs={}, groups=None, refit=False, verbose=False, system=False, metrics=None, experiment_custom_tags=None, add_to_model_list=True, probability_threshold=None, display=<pycaret.internal.Display.Display object at 0x0000023086C4E820>, return_train_score=False, kwargs={})
2023-02-01 10:21:00,233:INFO:Checking exceptions
2023-02-01 10:21:00,233:INFO:Importing libraries
2023-02-01 10:21:00,233:INFO:Copying training dataset
2023-02-01 10:21:00,234:INFO:Defining folds
2023-02-01 10:21:00,234:INFO:Declaring metric variables
2023-02-01 10:21:00,245:INFO:Importing untrained model
2023-02-01 10:21:00,255:INFO:Least Angle Regression Imported succesfully
2023-02-01 10:21:00,283:INFO:Starting cross validation
2023-02-01 10:21:00,284:INFO:Cross validating with KFold(n_splits=10, random_state=None, shuffle=False), n_jobs=-1
2023-02-01 10:21:00,381:INFO:Calculating mean and std
2023-02-01 10:21:00,383:INFO:Creating metrics dataframe
2023-02-01 10:21:00,411:INFO:Uploading results into container
2023-02-01 10:21:00,412:INFO:Uploading model into container now
2023-02-01 10:21:00,412:INFO:create_model_container: 5
2023-02-01 10:21:00,412:INFO:master_model_container: 5
2023-02-01 10:21:00,413:INFO:display_container: 2
2023-02-01 10:21:00,413:INFO:Lars(copy_X=True, eps=2.220446049250313e-16, fit_intercept=True, fit_path=True,
     jitter=None, n_nonzero_coefs=500, normalize=True, precompute='auto',
     random_state=1006, verbose=False)
2023-02-01 10:21:00,413:INFO:create_model() succesfully completed......................................
2023-02-01 10:21:00,593:INFO:SubProcess create_model() end ==================================
2023-02-01 10:21:00,593:INFO:Creating metrics dataframe
2023-02-01 10:21:00,631:INFO:Initializing Lasso Least Angle Regression
2023-02-01 10:21:00,631:INFO:Total runtime is 0.30034125248591104 minutes
2023-02-01 10:21:00,641:INFO:SubProcess create_model() called ==================================
2023-02-01 10:21:00,642:INFO:Initializing create_model()
2023-02-01 10:21:00,643:INFO:create_model(estimator=llar, fold=KFold(n_splits=10, random_state=None, shuffle=False), round=4, cross_validation=True, predict=True, fit_kwargs={}, groups=None, refit=False, verbose=False, system=False, metrics=None, experiment_custom_tags=None, add_to_model_list=True, probability_threshold=None, display=<pycaret.internal.Display.Display object at 0x0000023086C4E820>, return_train_score=False, kwargs={})
2023-02-01 10:21:00,643:INFO:Checking exceptions
2023-02-01 10:21:00,643:INFO:Importing libraries
2023-02-01 10:21:00,643:INFO:Copying training dataset
2023-02-01 10:21:00,644:INFO:Defining folds
2023-02-01 10:21:00,645:INFO:Declaring metric variables
2023-02-01 10:21:00,657:INFO:Importing untrained model
2023-02-01 10:21:00,668:INFO:Lasso Least Angle Regression Imported succesfully
2023-02-01 10:21:00,692:INFO:Starting cross validation
2023-02-01 10:21:00,693:INFO:Cross validating with KFold(n_splits=10, random_state=None, shuffle=False), n_jobs=-1
2023-02-01 10:21:00,769:INFO:Calculating mean and std
2023-02-01 10:21:00,770:INFO:Creating metrics dataframe
2023-02-01 10:21:00,802:INFO:Uploading results into container
2023-02-01 10:21:00,802:INFO:Uploading model into container now
2023-02-01 10:21:00,802:INFO:create_model_container: 6
2023-02-01 10:21:00,802:INFO:master_model_container: 6
2023-02-01 10:21:00,802:INFO:display_container: 2
2023-02-01 10:21:00,803:INFO:LassoLars(alpha=1.0, copy_X=True, eps=2.220446049250313e-16, fit_intercept=True,
          fit_path=True, jitter=None, max_iter=500, normalize=True,
          positive=False, precompute='auto', random_state=1006, verbose=False)
2023-02-01 10:21:00,803:INFO:create_model() succesfully completed......................................
2023-02-01 10:21:00,970:INFO:SubProcess create_model() end ==================================
2023-02-01 10:21:00,970:INFO:Creating metrics dataframe
2023-02-01 10:21:01,005:INFO:Initializing Orthogonal Matching Pursuit
2023-02-01 10:21:01,005:INFO:Total runtime is 0.30657450755437216 minutes
2023-02-01 10:21:01,017:INFO:SubProcess create_model() called ==================================
2023-02-01 10:21:01,017:INFO:Initializing create_model()
2023-02-01 10:21:01,018:INFO:create_model(estimator=omp, fold=KFold(n_splits=10, random_state=None, shuffle=False), round=4, cross_validation=True, predict=True, fit_kwargs={}, groups=None, refit=False, verbose=False, system=False, metrics=None, experiment_custom_tags=None, add_to_model_list=True, probability_threshold=None, display=<pycaret.internal.Display.Display object at 0x0000023086C4E820>, return_train_score=False, kwargs={})
2023-02-01 10:21:01,018:INFO:Checking exceptions
2023-02-01 10:21:01,018:INFO:Importing libraries
2023-02-01 10:21:01,018:INFO:Copying training dataset
2023-02-01 10:21:01,020:INFO:Defining folds
2023-02-01 10:21:01,020:INFO:Declaring metric variables
2023-02-01 10:21:01,031:INFO:Importing untrained model
2023-02-01 10:21:01,042:INFO:Orthogonal Matching Pursuit Imported succesfully
2023-02-01 10:21:01,066:INFO:Starting cross validation
2023-02-01 10:21:01,067:INFO:Cross validating with KFold(n_splits=10, random_state=None, shuffle=False), n_jobs=-1
2023-02-01 10:21:01,150:INFO:Calculating mean and std
2023-02-01 10:21:01,151:INFO:Creating metrics dataframe
2023-02-01 10:21:01,184:INFO:Uploading results into container
2023-02-01 10:21:01,185:INFO:Uploading model into container now
2023-02-01 10:21:01,185:INFO:create_model_container: 7
2023-02-01 10:21:01,185:INFO:master_model_container: 7
2023-02-01 10:21:01,185:INFO:display_container: 2
2023-02-01 10:21:01,186:INFO:OrthogonalMatchingPursuit(fit_intercept=True, n_nonzero_coefs=None,
                          normalize=True, precompute='auto', tol=None)
2023-02-01 10:21:01,186:INFO:create_model() succesfully completed......................................
2023-02-01 10:21:01,355:INFO:SubProcess create_model() end ==================================
2023-02-01 10:21:01,355:INFO:Creating metrics dataframe
2023-02-01 10:21:01,390:INFO:Initializing Bayesian Ridge
2023-02-01 10:21:01,390:INFO:Total runtime is 0.3129911263783773 minutes
2023-02-01 10:21:01,401:INFO:SubProcess create_model() called ==================================
2023-02-01 10:21:01,402:INFO:Initializing create_model()
2023-02-01 10:21:01,403:INFO:create_model(estimator=br, fold=KFold(n_splits=10, random_state=None, shuffle=False), round=4, cross_validation=True, predict=True, fit_kwargs={}, groups=None, refit=False, verbose=False, system=False, metrics=None, experiment_custom_tags=None, add_to_model_list=True, probability_threshold=None, display=<pycaret.internal.Display.Display object at 0x0000023086C4E820>, return_train_score=False, kwargs={})
2023-02-01 10:21:01,403:INFO:Checking exceptions
2023-02-01 10:21:01,403:INFO:Importing libraries
2023-02-01 10:21:01,403:INFO:Copying training dataset
2023-02-01 10:21:01,405:INFO:Defining folds
2023-02-01 10:21:01,405:INFO:Declaring metric variables
2023-02-01 10:21:01,414:INFO:Importing untrained model
2023-02-01 10:21:01,424:INFO:Bayesian Ridge Imported succesfully
2023-02-01 10:21:01,447:INFO:Starting cross validation
2023-02-01 10:21:01,448:INFO:Cross validating with KFold(n_splits=10, random_state=None, shuffle=False), n_jobs=-1
2023-02-01 10:21:01,534:INFO:Calculating mean and std
2023-02-01 10:21:01,535:INFO:Creating metrics dataframe
2023-02-01 10:21:01,564:INFO:Uploading results into container
2023-02-01 10:21:01,564:INFO:Uploading model into container now
2023-02-01 10:21:01,565:INFO:create_model_container: 8
2023-02-01 10:21:01,565:INFO:master_model_container: 8
2023-02-01 10:21:01,565:INFO:display_container: 2
2023-02-01 10:21:01,565:INFO:BayesianRidge(alpha_1=1e-06, alpha_2=1e-06, alpha_init=None,
              compute_score=False, copy_X=True, fit_intercept=True,
              lambda_1=1e-06, lambda_2=1e-06, lambda_init=None, n_iter=300,
              normalize=False, tol=0.001, verbose=False)
2023-02-01 10:21:01,565:INFO:create_model() succesfully completed......................................
2023-02-01 10:21:01,731:INFO:SubProcess create_model() end ==================================
2023-02-01 10:21:01,732:INFO:Creating metrics dataframe
2023-02-01 10:21:01,767:INFO:Initializing Passive Aggressive Regressor
2023-02-01 10:21:01,767:INFO:Total runtime is 0.31927445729573567 minutes
2023-02-01 10:21:01,777:INFO:SubProcess create_model() called ==================================
2023-02-01 10:21:01,777:INFO:Initializing create_model()
2023-02-01 10:21:01,777:INFO:create_model(estimator=par, fold=KFold(n_splits=10, random_state=None, shuffle=False), round=4, cross_validation=True, predict=True, fit_kwargs={}, groups=None, refit=False, verbose=False, system=False, metrics=None, experiment_custom_tags=None, add_to_model_list=True, probability_threshold=None, display=<pycaret.internal.Display.Display object at 0x0000023086C4E820>, return_train_score=False, kwargs={})
2023-02-01 10:21:01,778:INFO:Checking exceptions
2023-02-01 10:21:01,778:INFO:Importing libraries
2023-02-01 10:21:01,778:INFO:Copying training dataset
2023-02-01 10:21:01,779:INFO:Defining folds
2023-02-01 10:21:01,779:INFO:Declaring metric variables
2023-02-01 10:21:01,788:INFO:Importing untrained model
2023-02-01 10:21:01,799:INFO:Passive Aggressive Regressor Imported succesfully
2023-02-01 10:21:01,830:INFO:Starting cross validation
2023-02-01 10:21:01,832:INFO:Cross validating with KFold(n_splits=10, random_state=None, shuffle=False), n_jobs=-1
2023-02-01 10:21:01,939:INFO:Calculating mean and std
2023-02-01 10:21:01,940:INFO:Creating metrics dataframe
2023-02-01 10:21:01,973:INFO:Uploading results into container
2023-02-01 10:21:01,973:INFO:Uploading model into container now
2023-02-01 10:21:01,973:INFO:create_model_container: 9
2023-02-01 10:21:01,974:INFO:master_model_container: 9
2023-02-01 10:21:01,974:INFO:display_container: 2
2023-02-01 10:21:01,974:INFO:PassiveAggressiveRegressor(C=1.0, average=False, early_stopping=False,
                           epsilon=0.1, fit_intercept=True,
                           loss='epsilon_insensitive', max_iter=1000,
                           n_iter_no_change=5, random_state=1006, shuffle=True,
                           tol=0.001, validation_fraction=0.1, verbose=0,
                           warm_start=False)
2023-02-01 10:21:01,974:INFO:create_model() succesfully completed......................................
2023-02-01 10:21:02,148:INFO:SubProcess create_model() end ==================================
2023-02-01 10:21:02,149:INFO:Creating metrics dataframe
2023-02-01 10:21:02,182:INFO:Initializing Huber Regressor
2023-02-01 10:21:02,183:INFO:Total runtime is 0.32620768547058104 minutes
2023-02-01 10:21:02,193:INFO:SubProcess create_model() called ==================================
2023-02-01 10:21:02,194:INFO:Initializing create_model()
2023-02-01 10:21:02,194:INFO:create_model(estimator=huber, fold=KFold(n_splits=10, random_state=None, shuffle=False), round=4, cross_validation=True, predict=True, fit_kwargs={}, groups=None, refit=False, verbose=False, system=False, metrics=None, experiment_custom_tags=None, add_to_model_list=True, probability_threshold=None, display=<pycaret.internal.Display.Display object at 0x0000023086C4E820>, return_train_score=False, kwargs={})
2023-02-01 10:21:02,194:INFO:Checking exceptions
2023-02-01 10:21:02,194:INFO:Importing libraries
2023-02-01 10:21:02,194:INFO:Copying training dataset
2023-02-01 10:21:02,195:INFO:Defining folds
2023-02-01 10:21:02,196:INFO:Declaring metric variables
2023-02-01 10:21:02,205:INFO:Importing untrained model
2023-02-01 10:21:02,216:INFO:Huber Regressor Imported succesfully
2023-02-01 10:21:02,241:INFO:Starting cross validation
2023-02-01 10:21:02,242:INFO:Cross validating with KFold(n_splits=10, random_state=None, shuffle=False), n_jobs=-1
2023-02-01 10:21:02,340:INFO:Calculating mean and std
2023-02-01 10:21:02,342:INFO:Creating metrics dataframe
2023-02-01 10:21:02,372:INFO:Uploading results into container
2023-02-01 10:21:02,372:INFO:Uploading model into container now
2023-02-01 10:21:02,372:INFO:create_model_container: 10
2023-02-01 10:21:02,372:INFO:master_model_container: 10
2023-02-01 10:21:02,373:INFO:display_container: 2
2023-02-01 10:21:02,373:INFO:HuberRegressor(alpha=0.0001, epsilon=1.35, fit_intercept=True, max_iter=100,
               tol=1e-05, warm_start=False)
2023-02-01 10:21:02,373:INFO:create_model() succesfully completed......................................
2023-02-01 10:21:02,544:INFO:SubProcess create_model() end ==================================
2023-02-01 10:21:02,544:INFO:Creating metrics dataframe
2023-02-01 10:21:02,581:INFO:Initializing K Neighbors Regressor
2023-02-01 10:21:02,581:INFO:Total runtime is 0.33284122943878175 minutes
2023-02-01 10:21:02,591:INFO:SubProcess create_model() called ==================================
2023-02-01 10:21:02,592:INFO:Initializing create_model()
2023-02-01 10:21:02,592:INFO:create_model(estimator=knn, fold=KFold(n_splits=10, random_state=None, shuffle=False), round=4, cross_validation=True, predict=True, fit_kwargs={}, groups=None, refit=False, verbose=False, system=False, metrics=None, experiment_custom_tags=None, add_to_model_list=True, probability_threshold=None, display=<pycaret.internal.Display.Display object at 0x0000023086C4E820>, return_train_score=False, kwargs={})
2023-02-01 10:21:02,593:INFO:Checking exceptions
2023-02-01 10:21:02,593:INFO:Importing libraries
2023-02-01 10:21:02,593:INFO:Copying training dataset
2023-02-01 10:21:02,594:INFO:Defining folds
2023-02-01 10:21:02,595:INFO:Declaring metric variables
2023-02-01 10:21:02,604:INFO:Importing untrained model
2023-02-01 10:21:02,615:INFO:K Neighbors Regressor Imported succesfully
2023-02-01 10:21:02,638:INFO:Starting cross validation
2023-02-01 10:21:02,639:INFO:Cross validating with KFold(n_splits=10, random_state=None, shuffle=False), n_jobs=-1
2023-02-01 10:21:02,749:INFO:Calculating mean and std
2023-02-01 10:21:02,750:INFO:Creating metrics dataframe
2023-02-01 10:21:02,779:INFO:Uploading results into container
2023-02-01 10:21:02,779:INFO:Uploading model into container now
2023-02-01 10:21:02,779:INFO:create_model_container: 11
2023-02-01 10:21:02,779:INFO:master_model_container: 11
2023-02-01 10:21:02,780:INFO:display_container: 2
2023-02-01 10:21:02,780:INFO:KNeighborsRegressor(algorithm='auto', leaf_size=30, metric='minkowski',
                    metric_params=None, n_jobs=-1, n_neighbors=5, p=2,
                    weights='uniform')
2023-02-01 10:21:02,780:INFO:create_model() succesfully completed......................................
2023-02-01 10:21:02,945:INFO:SubProcess create_model() end ==================================
2023-02-01 10:21:02,945:INFO:Creating metrics dataframe
2023-02-01 10:21:02,982:INFO:Initializing Decision Tree Regressor
2023-02-01 10:21:02,982:INFO:Total runtime is 0.3395241538683573 minutes
2023-02-01 10:21:02,993:INFO:SubProcess create_model() called ==================================
2023-02-01 10:21:02,994:INFO:Initializing create_model()
2023-02-01 10:21:02,994:INFO:create_model(estimator=dt, fold=KFold(n_splits=10, random_state=None, shuffle=False), round=4, cross_validation=True, predict=True, fit_kwargs={}, groups=None, refit=False, verbose=False, system=False, metrics=None, experiment_custom_tags=None, add_to_model_list=True, probability_threshold=None, display=<pycaret.internal.Display.Display object at 0x0000023086C4E820>, return_train_score=False, kwargs={})
2023-02-01 10:21:02,994:INFO:Checking exceptions
2023-02-01 10:21:02,994:INFO:Importing libraries
2023-02-01 10:21:02,994:INFO:Copying training dataset
2023-02-01 10:21:02,995:INFO:Defining folds
2023-02-01 10:21:02,995:INFO:Declaring metric variables
2023-02-01 10:21:03,005:INFO:Importing untrained model
2023-02-01 10:21:03,016:INFO:Decision Tree Regressor Imported succesfully
2023-02-01 10:21:03,040:INFO:Starting cross validation
2023-02-01 10:21:03,042:INFO:Cross validating with KFold(n_splits=10, random_state=None, shuffle=False), n_jobs=-1
2023-02-01 10:21:03,131:INFO:Calculating mean and std
2023-02-01 10:21:03,132:INFO:Creating metrics dataframe
2023-02-01 10:21:03,168:INFO:Uploading results into container
2023-02-01 10:21:03,169:INFO:Uploading model into container now
2023-02-01 10:21:03,169:INFO:create_model_container: 12
2023-02-01 10:21:03,169:INFO:master_model_container: 12
2023-02-01 10:21:03,169:INFO:display_container: 2
2023-02-01 10:21:03,170:INFO:DecisionTreeRegressor(ccp_alpha=0.0, criterion='mse', max_depth=None,
                      max_features=None, max_leaf_nodes=None,
                      min_impurity_decrease=0.0, min_impurity_split=None,
                      min_samples_leaf=1, min_samples_split=2,
                      min_weight_fraction_leaf=0.0, presort='deprecated',
                      random_state=1006, splitter='best')
2023-02-01 10:21:03,170:INFO:create_model() succesfully completed......................................
2023-02-01 10:21:03,348:INFO:SubProcess create_model() end ==================================
2023-02-01 10:21:03,349:INFO:Creating metrics dataframe
2023-02-01 10:21:03,386:INFO:Initializing Random Forest Regressor
2023-02-01 10:21:03,386:INFO:Total runtime is 0.3462574243545532 minutes
2023-02-01 10:21:03,395:INFO:SubProcess create_model() called ==================================
2023-02-01 10:21:03,396:INFO:Initializing create_model()
2023-02-01 10:21:03,396:INFO:create_model(estimator=rf, fold=KFold(n_splits=10, random_state=None, shuffle=False), round=4, cross_validation=True, predict=True, fit_kwargs={}, groups=None, refit=False, verbose=False, system=False, metrics=None, experiment_custom_tags=None, add_to_model_list=True, probability_threshold=None, display=<pycaret.internal.Display.Display object at 0x0000023086C4E820>, return_train_score=False, kwargs={})
2023-02-01 10:21:03,397:INFO:Checking exceptions
2023-02-01 10:21:03,397:INFO:Importing libraries
2023-02-01 10:21:03,397:INFO:Copying training dataset
2023-02-01 10:21:03,398:INFO:Defining folds
2023-02-01 10:21:03,398:INFO:Declaring metric variables
2023-02-01 10:21:03,407:INFO:Importing untrained model
2023-02-01 10:21:03,418:INFO:Random Forest Regressor Imported succesfully
2023-02-01 10:21:03,441:INFO:Starting cross validation
2023-02-01 10:21:03,443:INFO:Cross validating with KFold(n_splits=10, random_state=None, shuffle=False), n_jobs=-1
2023-02-01 10:21:04,047:INFO:Calculating mean and std
2023-02-01 10:21:04,048:INFO:Creating metrics dataframe
2023-02-01 10:21:04,075:INFO:Uploading results into container
2023-02-01 10:21:04,076:INFO:Uploading model into container now
2023-02-01 10:21:04,076:INFO:create_model_container: 13
2023-02-01 10:21:04,076:INFO:master_model_container: 13
2023-02-01 10:21:04,076:INFO:display_container: 2
2023-02-01 10:21:04,077:INFO:RandomForestRegressor(bootstrap=True, ccp_alpha=0.0, criterion='mse',
                      max_depth=None, max_features='auto', max_leaf_nodes=None,
                      max_samples=None, min_impurity_decrease=0.0,
                      min_impurity_split=None, min_samples_leaf=1,
                      min_samples_split=2, min_weight_fraction_leaf=0.0,
                      n_estimators=100, n_jobs=-1, oob_score=False,
                      random_state=1006, verbose=0, warm_start=False)
2023-02-01 10:21:04,077:INFO:create_model() succesfully completed......................................
2023-02-01 10:21:04,238:INFO:SubProcess create_model() end ==================================
2023-02-01 10:21:04,239:INFO:Creating metrics dataframe
2023-02-01 10:21:04,286:INFO:Initializing Extra Trees Regressor
2023-02-01 10:21:04,286:INFO:Total runtime is 0.36125727494557697 minutes
2023-02-01 10:21:04,298:INFO:SubProcess create_model() called ==================================
2023-02-01 10:21:04,298:INFO:Initializing create_model()
2023-02-01 10:21:04,298:INFO:create_model(estimator=et, fold=KFold(n_splits=10, random_state=None, shuffle=False), round=4, cross_validation=True, predict=True, fit_kwargs={}, groups=None, refit=False, verbose=False, system=False, metrics=None, experiment_custom_tags=None, add_to_model_list=True, probability_threshold=None, display=<pycaret.internal.Display.Display object at 0x0000023086C4E820>, return_train_score=False, kwargs={})
2023-02-01 10:21:04,299:INFO:Checking exceptions
2023-02-01 10:21:04,299:INFO:Importing libraries
2023-02-01 10:21:04,299:INFO:Copying training dataset
2023-02-01 10:21:04,300:INFO:Defining folds
2023-02-01 10:21:04,301:INFO:Declaring metric variables
2023-02-01 10:21:04,310:INFO:Importing untrained model
2023-02-01 10:21:04,320:INFO:Extra Trees Regressor Imported succesfully
2023-02-01 10:21:04,340:INFO:Starting cross validation
2023-02-01 10:21:04,342:INFO:Cross validating with KFold(n_splits=10, random_state=None, shuffle=False), n_jobs=-1
2023-02-01 10:21:04,896:INFO:Calculating mean and std
2023-02-01 10:21:04,898:INFO:Creating metrics dataframe
2023-02-01 10:21:04,926:INFO:Uploading results into container
2023-02-01 10:21:04,927:INFO:Uploading model into container now
2023-02-01 10:21:04,927:INFO:create_model_container: 14
2023-02-01 10:21:04,927:INFO:master_model_container: 14
2023-02-01 10:21:04,927:INFO:display_container: 2
2023-02-01 10:21:04,928:INFO:ExtraTreesRegressor(bootstrap=False, ccp_alpha=0.0, criterion='mse',
                    max_depth=None, max_features='auto', max_leaf_nodes=None,
                    max_samples=None, min_impurity_decrease=0.0,
                    min_impurity_split=None, min_samples_leaf=1,
                    min_samples_split=2, min_weight_fraction_leaf=0.0,
                    n_estimators=100, n_jobs=-1, oob_score=False,
                    random_state=1006, verbose=0, warm_start=False)
2023-02-01 10:21:04,928:INFO:create_model() succesfully completed......................................
2023-02-01 10:21:05,111:INFO:SubProcess create_model() end ==================================
2023-02-01 10:21:05,111:INFO:Creating metrics dataframe
2023-02-01 10:21:05,154:INFO:Initializing AdaBoost Regressor
2023-02-01 10:21:05,155:INFO:Total runtime is 0.3757405042648315 minutes
2023-02-01 10:21:05,169:INFO:SubProcess create_model() called ==================================
2023-02-01 10:21:05,170:INFO:Initializing create_model()
2023-02-01 10:21:05,170:INFO:create_model(estimator=ada, fold=KFold(n_splits=10, random_state=None, shuffle=False), round=4, cross_validation=True, predict=True, fit_kwargs={}, groups=None, refit=False, verbose=False, system=False, metrics=None, experiment_custom_tags=None, add_to_model_list=True, probability_threshold=None, display=<pycaret.internal.Display.Display object at 0x0000023086C4E820>, return_train_score=False, kwargs={})
2023-02-01 10:21:05,171:INFO:Checking exceptions
2023-02-01 10:21:05,171:INFO:Importing libraries
2023-02-01 10:21:05,171:INFO:Copying training dataset
2023-02-01 10:21:05,173:INFO:Defining folds
2023-02-01 10:21:05,173:INFO:Declaring metric variables
2023-02-01 10:21:05,189:INFO:Importing untrained model
2023-02-01 10:21:05,211:INFO:AdaBoost Regressor Imported succesfully
2023-02-01 10:21:05,243:INFO:Starting cross validation
2023-02-01 10:21:05,244:INFO:Cross validating with KFold(n_splits=10, random_state=None, shuffle=False), n_jobs=-1
2023-02-01 10:21:05,489:INFO:Calculating mean and std
2023-02-01 10:21:05,490:INFO:Creating metrics dataframe
2023-02-01 10:21:05,517:INFO:Uploading results into container
2023-02-01 10:21:05,517:INFO:Uploading model into container now
2023-02-01 10:21:05,517:INFO:create_model_container: 15
2023-02-01 10:21:05,518:INFO:master_model_container: 15
2023-02-01 10:21:05,518:INFO:display_container: 2
2023-02-01 10:21:05,518:INFO:AdaBoostRegressor(base_estimator=None, learning_rate=1.0, loss='linear',
                  n_estimators=50, random_state=1006)
2023-02-01 10:21:05,518:INFO:create_model() succesfully completed......................................
2023-02-01 10:21:05,662:INFO:SubProcess create_model() end ==================================
2023-02-01 10:21:05,662:INFO:Creating metrics dataframe
2023-02-01 10:21:05,699:INFO:Initializing Gradient Boosting Regressor
2023-02-01 10:21:05,699:INFO:Total runtime is 0.38480708599090574 minutes
2023-02-01 10:21:05,708:INFO:SubProcess create_model() called ==================================
2023-02-01 10:21:05,709:INFO:Initializing create_model()
2023-02-01 10:21:05,709:INFO:create_model(estimator=gbr, fold=KFold(n_splits=10, random_state=None, shuffle=False), round=4, cross_validation=True, predict=True, fit_kwargs={}, groups=None, refit=False, verbose=False, system=False, metrics=None, experiment_custom_tags=None, add_to_model_list=True, probability_threshold=None, display=<pycaret.internal.Display.Display object at 0x0000023086C4E820>, return_train_score=False, kwargs={})
2023-02-01 10:21:05,709:INFO:Checking exceptions
2023-02-01 10:21:05,709:INFO:Importing libraries
2023-02-01 10:21:05,709:INFO:Copying training dataset
2023-02-01 10:21:05,710:INFO:Defining folds
2023-02-01 10:21:05,711:INFO:Declaring metric variables
2023-02-01 10:21:05,719:INFO:Importing untrained model
2023-02-01 10:21:05,728:INFO:Gradient Boosting Regressor Imported succesfully
2023-02-01 10:21:05,749:INFO:Starting cross validation
2023-02-01 10:21:05,749:INFO:Cross validating with KFold(n_splits=10, random_state=None, shuffle=False), n_jobs=-1
2023-02-01 10:21:05,868:INFO:Calculating mean and std
2023-02-01 10:21:05,869:INFO:Creating metrics dataframe
2023-02-01 10:21:05,893:INFO:Uploading results into container
2023-02-01 10:21:05,893:INFO:Uploading model into container now
2023-02-01 10:21:05,893:INFO:create_model_container: 16
2023-02-01 10:21:05,893:INFO:master_model_container: 16
2023-02-01 10:21:05,893:INFO:display_container: 2
2023-02-01 10:21:05,894:INFO:GradientBoostingRegressor(alpha=0.9, ccp_alpha=0.0, criterion='friedman_mse',
                          init=None, learning_rate=0.1, loss='ls', max_depth=3,
                          max_features=None, max_leaf_nodes=None,
                          min_impurity_decrease=0.0, min_impurity_split=None,
                          min_samples_leaf=1, min_samples_split=2,
                          min_weight_fraction_leaf=0.0, n_estimators=100,
                          n_iter_no_change=None, presort='deprecated',
                          random_state=1006, subsample=1.0, tol=0.0001,
                          validation_fraction=0.1, verbose=0, warm_start=False)
2023-02-01 10:21:05,894:INFO:create_model() succesfully completed......................................
2023-02-01 10:21:06,051:INFO:SubProcess create_model() end ==================================
2023-02-01 10:21:06,051:INFO:Creating metrics dataframe
2023-02-01 10:21:06,093:INFO:Initializing Extreme Gradient Boosting
2023-02-01 10:21:06,094:INFO:Total runtime is 0.3913737018903096 minutes
2023-02-01 10:21:06,106:INFO:SubProcess create_model() called ==================================
2023-02-01 10:21:06,107:INFO:Initializing create_model()
2023-02-01 10:21:06,107:INFO:create_model(estimator=xgboost, fold=KFold(n_splits=10, random_state=None, shuffle=False), round=4, cross_validation=True, predict=True, fit_kwargs={}, groups=None, refit=False, verbose=False, system=False, metrics=None, experiment_custom_tags=None, add_to_model_list=True, probability_threshold=None, display=<pycaret.internal.Display.Display object at 0x0000023086C4E820>, return_train_score=False, kwargs={})
2023-02-01 10:21:06,107:INFO:Checking exceptions
2023-02-01 10:21:06,108:INFO:Importing libraries
2023-02-01 10:21:06,108:INFO:Copying training dataset
2023-02-01 10:21:06,111:INFO:Defining folds
2023-02-01 10:21:06,111:INFO:Declaring metric variables
2023-02-01 10:21:06,127:INFO:Importing untrained model
2023-02-01 10:21:06,150:INFO:Extreme Gradient Boosting Imported succesfully
2023-02-01 10:21:06,192:INFO:Starting cross validation
2023-02-01 10:21:06,196:INFO:Cross validating with KFold(n_splits=10, random_state=None, shuffle=False), n_jobs=-1
2023-02-01 10:21:06,493:INFO:Calculating mean and std
2023-02-01 10:21:06,494:INFO:Creating metrics dataframe
2023-02-01 10:21:06,520:INFO:Uploading results into container
2023-02-01 10:21:06,520:INFO:Uploading model into container now
2023-02-01 10:21:06,520:INFO:create_model_container: 17
2023-02-01 10:21:06,520:INFO:master_model_container: 17
2023-02-01 10:21:06,520:INFO:display_container: 2
2023-02-01 10:21:06,521:INFO:XGBRegressor(base_score=None, booster='gbtree', callbacks=None,
             colsample_bylevel=None, colsample_bynode=None,
             colsample_bytree=None, early_stopping_rounds=None,
             enable_categorical=False, eval_metric=None, feature_types=None,
             gamma=None, gpu_id=None, grow_policy=None, importance_type=None,
             interaction_constraints=None, learning_rate=None, max_bin=None,
             max_cat_threshold=None, max_cat_to_onehot=None,
             max_delta_step=None, max_depth=None, max_leaves=None,
             min_child_weight=None, missing=nan, monotone_constraints=None,
             n_estimators=100, n_jobs=-1, num_parallel_tree=None,
             objective='reg:squarederror', predictor=None, ...)
2023-02-01 10:21:06,522:INFO:create_model() succesfully completed......................................
2023-02-01 10:21:06,669:INFO:SubProcess create_model() end ==================================
2023-02-01 10:21:06,670:INFO:Creating metrics dataframe
2023-02-01 10:21:06,704:INFO:Initializing Light Gradient Boosting Machine
2023-02-01 10:21:06,704:INFO:Total runtime is 0.40156077941258744 minutes
2023-02-01 10:21:06,714:INFO:SubProcess create_model() called ==================================
2023-02-01 10:21:06,714:INFO:Initializing create_model()
2023-02-01 10:21:06,714:INFO:create_model(estimator=lightgbm, fold=KFold(n_splits=10, random_state=None, shuffle=False), round=4, cross_validation=True, predict=True, fit_kwargs={}, groups=None, refit=False, verbose=False, system=False, metrics=None, experiment_custom_tags=None, add_to_model_list=True, probability_threshold=None, display=<pycaret.internal.Display.Display object at 0x0000023086C4E820>, return_train_score=False, kwargs={})
2023-02-01 10:21:06,714:INFO:Checking exceptions
2023-02-01 10:21:06,715:INFO:Importing libraries
2023-02-01 10:21:06,715:INFO:Copying training dataset
2023-02-01 10:21:06,716:INFO:Defining folds
2023-02-01 10:21:06,716:INFO:Declaring metric variables
2023-02-01 10:21:06,725:INFO:Importing untrained model
2023-02-01 10:21:06,736:INFO:Light Gradient Boosting Machine Imported succesfully
2023-02-01 10:21:06,756:INFO:Starting cross validation
2023-02-01 10:21:06,757:INFO:Cross validating with KFold(n_splits=10, random_state=None, shuffle=False), n_jobs=-1
2023-02-01 10:21:09,063:INFO:Calculating mean and std
2023-02-01 10:21:09,064:INFO:Creating metrics dataframe
2023-02-01 10:21:09,088:INFO:Uploading results into container
2023-02-01 10:21:09,089:INFO:Uploading model into container now
2023-02-01 10:21:09,089:INFO:create_model_container: 18
2023-02-01 10:21:09,089:INFO:master_model_container: 18
2023-02-01 10:21:09,089:INFO:display_container: 2
2023-02-01 10:21:09,090:INFO:LGBMRegressor(boosting_type='gbdt', class_weight=None, colsample_bytree=1.0,
              importance_type='split', learning_rate=0.1, max_depth=-1,
              min_child_samples=20, min_child_weight=0.001, min_split_gain=0.0,
              n_estimators=100, n_jobs=-1, num_leaves=31, objective=None,
              random_state=1006, reg_alpha=0.0, reg_lambda=0.0, silent='warn',
              subsample=1.0, subsample_for_bin=200000, subsample_freq=0)
2023-02-01 10:21:09,090:INFO:create_model() succesfully completed......................................
2023-02-01 10:21:09,241:INFO:SubProcess create_model() end ==================================
2023-02-01 10:21:09,242:INFO:Creating metrics dataframe
2023-02-01 10:21:09,280:INFO:Initializing Dummy Regressor
2023-02-01 10:21:09,280:INFO:Total runtime is 0.4444939851760864 minutes
2023-02-01 10:21:09,288:INFO:SubProcess create_model() called ==================================
2023-02-01 10:21:09,289:INFO:Initializing create_model()
2023-02-01 10:21:09,289:INFO:create_model(estimator=dummy, fold=KFold(n_splits=10, random_state=None, shuffle=False), round=4, cross_validation=True, predict=True, fit_kwargs={}, groups=None, refit=False, verbose=False, system=False, metrics=None, experiment_custom_tags=None, add_to_model_list=True, probability_threshold=None, display=<pycaret.internal.Display.Display object at 0x0000023086C4E820>, return_train_score=False, kwargs={})
2023-02-01 10:21:09,290:INFO:Checking exceptions
2023-02-01 10:21:09,290:INFO:Importing libraries
2023-02-01 10:21:09,290:INFO:Copying training dataset
2023-02-01 10:21:09,291:INFO:Defining folds
2023-02-01 10:21:09,292:INFO:Declaring metric variables
2023-02-01 10:21:09,300:INFO:Importing untrained model
2023-02-01 10:21:09,310:INFO:Dummy Regressor Imported succesfully
2023-02-01 10:21:09,328:INFO:Starting cross validation
2023-02-01 10:21:09,329:INFO:Cross validating with KFold(n_splits=10, random_state=None, shuffle=False), n_jobs=-1
2023-02-01 10:21:09,399:INFO:Calculating mean and std
2023-02-01 10:21:09,400:INFO:Creating metrics dataframe
2023-02-01 10:21:09,430:INFO:Uploading results into container
2023-02-01 10:21:09,431:INFO:Uploading model into container now
2023-02-01 10:21:09,431:INFO:create_model_container: 19
2023-02-01 10:21:09,431:INFO:master_model_container: 19
2023-02-01 10:21:09,431:INFO:display_container: 2
2023-02-01 10:21:09,432:INFO:DummyRegressor(constant=None, quantile=None, strategy='mean')
2023-02-01 10:21:09,432:INFO:create_model() succesfully completed......................................
2023-02-01 10:21:09,603:INFO:SubProcess create_model() end ==================================
2023-02-01 10:21:09,603:INFO:Creating metrics dataframe
2023-02-01 10:21:09,664:INFO:Initializing create_model()
2023-02-01 10:21:09,664:INFO:create_model(estimator=XGBRegressor(base_score=None, booster='gbtree', callbacks=None,
             colsample_bylevel=None, colsample_bynode=None,
             colsample_bytree=None, early_stopping_rounds=None,
             enable_categorical=False, eval_metric=None, feature_types=None,
             gamma=None, gpu_id=None, grow_policy=None, importance_type=None,
             interaction_constraints=None, learning_rate=None, max_bin=None,
             max_cat_threshold=None, max_cat_to_onehot=None,
             max_delta_step=None, max_depth=None, max_leaves=None,
             min_child_weight=None, missing=nan, monotone_constraints=None,
             n_estimators=100, n_jobs=-1, num_parallel_tree=None,
             objective='reg:squarederror', predictor=None, ...), fold=KFold(n_splits=10, random_state=None, shuffle=False), round=4, cross_validation=False, predict=False, fit_kwargs={}, groups=None, refit=True, verbose=False, system=False, metrics=None, experiment_custom_tags=None, add_to_model_list=True, probability_threshold=None, display=None, return_train_score=False, kwargs={})
2023-02-01 10:21:09,664:INFO:Checking exceptions
2023-02-01 10:21:09,665:INFO:Importing libraries
2023-02-01 10:21:09,665:INFO:Copying training dataset
2023-02-01 10:21:09,665:INFO:Defining folds
2023-02-01 10:21:09,665:INFO:Declaring metric variables
2023-02-01 10:21:09,666:INFO:Importing untrained model
2023-02-01 10:21:09,666:INFO:Declaring custom model
2023-02-01 10:21:09,667:INFO:Extreme Gradient Boosting Imported succesfully
2023-02-01 10:21:09,669:INFO:Cross validation set to False
2023-02-01 10:21:09,669:INFO:Fitting Model
2023-02-01 10:21:09,772:INFO:XGBRegressor(base_score=0.5, booster='gbtree', callbacks=None,
             colsample_bylevel=1, colsample_bynode=1, colsample_bytree=1,
             early_stopping_rounds=None, enable_categorical=False,
             eval_metric=None, feature_types=None, gamma=0, gpu_id=-1,
             grow_policy='depthwise', importance_type=None,
             interaction_constraints='', learning_rate=0.300000012, max_bin=256,
             max_cat_threshold=64, max_cat_to_onehot=4, max_delta_step=0,
             max_depth=6, max_leaves=0, min_child_weight=1, missing=nan,
             monotone_constraints='()', n_estimators=100, n_jobs=-1,
             num_parallel_tree=1, objective='reg:squarederror',
             predictor='auto', ...)
2023-02-01 10:21:09,772:INFO:create_models() succesfully completed......................................
2023-02-01 10:21:10,013:INFO:create_model_container: 19
2023-02-01 10:21:10,014:INFO:master_model_container: 19
2023-02-01 10:21:10,014:INFO:display_container: 2
2023-02-01 10:21:10,016:INFO:XGBRegressor(base_score=0.5, booster='gbtree', callbacks=None,
             colsample_bylevel=1, colsample_bynode=1, colsample_bytree=1,
             early_stopping_rounds=None, enable_categorical=False,
             eval_metric=None, feature_types=None, gamma=0, gpu_id=-1,
             grow_policy='depthwise', importance_type=None,
             interaction_constraints='', learning_rate=0.300000012, max_bin=256,
             max_cat_threshold=64, max_cat_to_onehot=4, max_delta_step=0,
             max_depth=6, max_leaves=0, min_child_weight=1, missing=nan,
             monotone_constraints='()', n_estimators=100, n_jobs=-1,
             num_parallel_tree=1, objective='reg:squarederror',
             predictor='auto', ...)
2023-02-01 10:21:10,016:INFO:compare_models() succesfully completed......................................
2023-02-01 10:21:10,019:INFO:Initializing evaluate_model()
2023-02-01 10:21:10,019:INFO:evaluate_model(estimator=XGBRegressor(base_score=0.5, booster='gbtree', callbacks=None,
             colsample_bylevel=1, colsample_bynode=1, colsample_bytree=1,
             early_stopping_rounds=None, enable_categorical=False,
             eval_metric=None, feature_types=None, gamma=0, gpu_id=-1,
             grow_policy='depthwise', importance_type=None,
             interaction_constraints='', learning_rate=0.300000012, max_bin=256,
             max_cat_threshold=64, max_cat_to_onehot=4, max_delta_step=0,
             max_depth=6, max_leaves=0, min_child_weight=1, missing=nan,
             monotone_constraints='()', n_estimators=100, n_jobs=-1,
             num_parallel_tree=1, objective='reg:squarederror',
             predictor='auto', ...), fold=None, fit_kwargs=None, plot_kwargs=None, feature_name=None, groups=None, use_train_data=False)
2023-02-01 10:21:10,048:INFO:Initializing plot_model()
2023-02-01 10:21:10,048:INFO:plot_model(fold=KFold(n_splits=10, random_state=None, shuffle=False), use_train_data=False, verbose=True, is_in_evaluate=True, display=None, display_format=None, estimator=XGBRegressor(base_score=0.5, booster='gbtree', callbacks=None,
             colsample_bylevel=1, colsample_bynode=1, colsample_bytree=1,
             early_stopping_rounds=None, enable_categorical=False,
             eval_metric=None, feature_types=None, gamma=0, gpu_id=-1,
             grow_policy='depthwise', importance_type=None,
             interaction_constraints='', learning_rate=0.300000012, max_bin=256,
             max_cat_threshold=64, max_cat_to_onehot=4, max_delta_step=0,
             max_depth=6, max_leaves=0, min_child_weight=1, missing=nan,
             monotone_constraints='()', n_estimators=100, n_jobs=-1,
             num_parallel_tree=1, objective='reg:squarederror',
             predictor='auto', ...), feature_name=None, fit_kwargs={}, groups=None, label=False, plot=parameter, plot_kwargs={}, save=False, scale=1, system=True)
2023-02-01 10:21:10,048:INFO:Checking exceptions
2023-02-01 10:21:10,050:INFO:Preparing display monitor
2023-02-01 10:21:10,058:INFO:Preloading libraries
2023-02-01 10:21:10,067:INFO:Copying training dataset
2023-02-01 10:21:10,068:INFO:Copying test dataset
2023-02-01 10:21:10,069:INFO:Plot type: parameter
2023-02-01 10:21:10,096:INFO:Visual Rendered Successfully
2023-02-01 10:21:10,314:INFO:plot_model() succesfully completed......................................
2023-02-01 10:21:42,330:INFO:Initializing plot_model()
2023-02-01 10:21:42,330:INFO:plot_model(fold=KFold(n_splits=10, random_state=None, shuffle=False), use_train_data=False, verbose=True, is_in_evaluate=True, display=None, display_format=None, estimator=XGBRegressor(base_score=0.5, booster='gbtree', callbacks=None,
             colsample_bylevel=1, colsample_bynode=1, colsample_bytree=1,
             early_stopping_rounds=None, enable_categorical=False,
             eval_metric=None, feature_types=None, gamma=0, gpu_id=-1,
             grow_policy='depthwise', importance_type=None,
             interaction_constraints='', learning_rate=0.300000012, max_bin=256,
             max_cat_threshold=64, max_cat_to_onehot=4, max_delta_step=0,
             max_depth=6, max_leaves=0, min_child_weight=1, missing=nan,
             monotone_constraints='()', n_estimators=100, n_jobs=-1,
             num_parallel_tree=1, objective='reg:squarederror',
             predictor='auto', ...), feature_name=None, fit_kwargs={}, groups=None, label=False, plot=learning, plot_kwargs={}, save=False, scale=1, system=True)
2023-02-01 10:21:42,330:INFO:Checking exceptions
2023-02-01 10:21:42,332:INFO:Preparing display monitor
2023-02-01 10:21:42,340:INFO:Preloading libraries
2023-02-01 10:21:42,348:INFO:Copying training dataset
2023-02-01 10:21:42,348:INFO:Copying test dataset
2023-02-01 10:21:42,349:INFO:Plot type: learning
2023-02-01 10:21:42,372:INFO:Fitting Model
2023-02-01 10:21:43,671:INFO:Visual Rendered Successfully
2023-02-01 10:21:43,825:INFO:plot_model() succesfully completed......................................
2023-02-01 10:21:54,478:INFO:Initializing plot_model()
2023-02-01 10:21:54,479:INFO:plot_model(fold=KFold(n_splits=10, random_state=None, shuffle=False), use_train_data=False, verbose=True, is_in_evaluate=True, display=None, display_format=None, estimator=XGBRegressor(base_score=0.5, booster='gbtree', callbacks=None,
             colsample_bylevel=1, colsample_bynode=1, colsample_bytree=1,
             early_stopping_rounds=None, enable_categorical=False,
             eval_metric=None, feature_types=None, gamma=0, gpu_id=-1,
             grow_policy='depthwise', importance_type=None,
             interaction_constraints='', learning_rate=0.300000012, max_bin=256,
             max_cat_threshold=64, max_cat_to_onehot=4, max_delta_step=0,
             max_depth=6, max_leaves=0, min_child_weight=1, missing=nan,
             monotone_constraints='()', n_estimators=100, n_jobs=-1,
             num_parallel_tree=1, objective='reg:squarederror',
             predictor='auto', ...), feature_name=None, fit_kwargs={}, groups=None, label=False, plot=vc, plot_kwargs={}, save=False, scale=1, system=True)
2023-02-01 10:21:54,479:INFO:Checking exceptions
2023-02-01 10:21:54,480:INFO:Preparing display monitor
2023-02-01 10:21:54,489:INFO:Preloading libraries
2023-02-01 10:21:54,497:INFO:Copying training dataset
2023-02-01 10:21:54,498:INFO:Copying test dataset
2023-02-01 10:21:54,498:INFO:Plot type: vc
2023-02-01 10:21:54,506:INFO:Determining param_name
2023-02-01 10:21:54,507:INFO:param_name: actual_estimator__max_depth
2023-02-01 10:21:54,510:INFO:Fitting Model
2023-02-01 10:21:55,756:INFO:Visual Rendered Successfully
2023-02-01 10:21:55,898:INFO:plot_model() succesfully completed......................................
